Arguments: 
  C:\Program Files\nodejs\node.exe C:\Program Files (x86)\Yarn\bin\yarn.js add axios redux-thunk redux-logge

PATH: 
  C:\Program Files\Git\mingw64\bin;C:\Program Files\Git\usr\bin;C:\Users\Reed\bin;C:\ProgramData\Oracle\Java\javapath;C:\Program Files (x86)\Intel\iCLS Client;C:\Program Files\Intel\iCLS Client;C:\Windows\system32;C:\Windows;C:\Windows\System32\Wbem;C:\Windows\System32\WindowsPowerShell\v1.0;C:\Program Files (x86)\Intel\Intel(R) Management Engine Components\DAL;C:\Program Files\Intel\Intel(R) Management Engine Components\DAL;C:\Program Files (x86)\Intel\Intel(R) Management Engine Components\IPT;C:\Program Files\Intel\Intel(R) Management Engine Components\IPT;C:\Program Files (x86)\NVIDIA Corporation\PhysX\Common;C:\WINDOWS\system32;C:\WINDOWS;C:\WINDOWS\System32\Wbem;C:\WINDOWS\System32\WindowsPowerShell\v1.0;C:\WINDOWS\System32\OpenSSH;C:\Program Files (x86)\Brackets\command;C:\Program Files\Git\cmd;C:\HashiCorp\Vagrant\bin;C:\Program Files\nodejs;C:\Program Files (x86)\Yarn\bin;C:\Users\Reed\Anaconda3;C:\Users\Reed\Anaconda3\Library\mingw-w64\bin;C:\Users\Reed\Anaconda3\Library\usr\bin;C:\Users\Reed\Anaconda3\Library\bin;C:\Users\Reed\Anaconda3\Scripts;C:\Users\Reed\Anaconda2;C:\Users\Reed\Anaconda2\Library\mingw-w64\bin;C:\Users\Reed\Anaconda2\Library\usr\bin;C:\Users\Reed\Anaconda2\Library\bin;C:\Users\Reed\Anaconda2\Scripts;C:\Users\Reed\AppData\Local\Microsoft\WindowsApps;C:\Users\Reed\AppData\Local\Programs\Microsoft VS Code\bin;C:\Users\Reed\AppData\Roaming\npm;C:\Users\Reed\AppData\Local\Yarn\bin

Yarn version: 
  1.15.2

Node version: 
  10.15.3

Platform: 
  win32 x64

Trace: 
  Error: https://registry.yarnpkg.com/redux-logge: Not found
      at Request.params.callback [as _callback] (C:\Program Files (x86)\Yarn\lib\cli.js:65167:18)
      at Request.self.callback (C:\Program Files (x86)\Yarn\lib\cli.js:129541:22)
      at Request.emit (events.js:189:13)
      at Request.<anonymous> (C:\Program Files (x86)\Yarn\lib\cli.js:130513:10)
      at Request.emit (events.js:189:13)
      at IncomingMessage.<anonymous> (C:\Program Files (x86)\Yarn\lib\cli.js:130435:12)
      at Object.onceWrapper (events.js:277:13)
      at IncomingMessage.emit (events.js:194:15)
      at endReadableNT (_stream_readable.js:1125:12)
      at process._tickCallback (internal/process/next_tick.js:63:19)

npm manifest: 
  No manifest

yarn manifest: 
  No manifest

Lockfile: 
  No lockfile
